<?xml version="1.0" encoding="UTF-8"?>
<!-- Generated by org.testng.reporters.JUnitReportReporter -->
<testsuite skipped="0" hostname="DESKTOP-9654JSG" name="payment.PaymentFGateway" tests="1" failures="0" timestamp="2020-04-04T19:29:58 IST" time="14.130" errors="0">
  <testcase name="paymenttab" time="14.130" classname="payment.PaymentFGateway"/>
</testsuite> <!-- payment.PaymentFGateway -->
