<?xml version="1.0" encoding="UTF-8"?>
<!-- Generated by org.testng.reporters.JUnitReportReporter -->
<testsuite skipped="0" hostname="DESKTOP-9654JSG" name="groupings.group" tests="3" failures="0" timestamp="2020-04-09T15:39:53 IST" time="0.016" errors="0">
  <testcase name="Life" time="0.001" classname="groupings.group"/>
  <testcase name="Relations" time="0.003" classname="groupings.group"/>
  <testcase name="Friends" time="0.012" classname="groupings.group"/>
</testsuite> <!-- groupings.group -->
