<?xml version="1.0" encoding="UTF-8"?>
<!-- Generated by org.testng.reporters.JUnitReportReporter -->
<testsuite skipped="0" hostname="DESKTOP-9654JSG" name="logn.PIMtab" tests="1" failures="0" timestamp="2020-04-08T11:37:16 IST" time="16.029" errors="0">
  <testcase name="main" time="16.029" classname="logn.PIMtab"/>
</testsuite> <!-- logn.PIMtab -->
