<?xml version="1.0" encoding="UTF-8"?>
<!-- Generated by org.testng.reporters.JUnitReportReporter -->
<testsuite skipped="0" hostname="DESKTOP-9654JSG" name="logn.Login" tests="1" failures="0" timestamp="2020-04-06T16:21:39 IST" time="16.832" errors="0">
  <testcase name="main" time="16.832" classname="logn.Login"/>
</testsuite> <!-- logn.Login -->
