<?xml version="1.0" encoding="UTF-8"?>
<!-- Generated by org.testng.reporters.JUnitReportReporter -->
<testsuite skipped="0" hostname="DESKTOP-9654JSG" name="logn.LgnwithoutFindelBy" tests="1" failures="0" timestamp="2020-04-07T11:55:49 IST" time="19.978" errors="0">
  <testcase name="main" time="19.978" classname="logn.LgnwithoutFindelBy"/>
</testsuite> <!-- logn.LgnwithoutFindelBy -->
