<?xml version="1.0" encoding="UTF-8"?>
<!-- Generated by org.testng.reporters.JUnitReportReporter -->
<testsuite skipped="0" hostname="DESKTOP-9654JSG" name="leave.LeaveConfigure" tests="1" failures="0" timestamp="2020-05-01T18:53:05 IST" time="28.872" errors="0">
  <testcase name="main" time="28.872" classname="leave.LeaveConfigure"/>
</testsuite> <!-- leave.LeaveConfigure -->
