<?xml version="1.0" encoding="UTF-8"?>
<!-- Generated by org.testng.reporters.JUnitReportReporter -->
<testsuite skipped="0" hostname="DESKTOP-9654JSG" name="login.Credentials" tests="1" failures="0" timestamp="2020-04-27T12:32:58 IST" time="13.159" errors="0">
  <testcase name="main" time="13.159" classname="login.Credentials"/>
</testsuite> <!-- login.Credentials -->
