<?xml version="1.0" encoding="UTF-8"?>
<!-- Generated by org.testng.reporters.JUnitReportReporter -->
<testsuite skipped="0" hostname="DESKTOP-9654JSG" name="admin.Job" tests="1" failures="0" timestamp="2020-04-27T12:32:58 IST" time="22.116" errors="0">
  <testcase name="main" time="22.116" classname="admin.Job"/>
</testsuite> <!-- admin.Job -->
