<?xml version="1.0" encoding="UTF-8"?>
<!-- Generated by org.testng.reporters.JUnitReportReporter -->
<testsuite skipped="0" hostname="DESKTOP-9654JSG" name="leave.LeaveConfigure" tests="1" failures="0" timestamp="2020-05-02T11:31:56 IST" time="24.646" errors="0">
  <testcase name="main" time="24.646" classname="leave.LeaveConfigure"/>
</testsuite> <!-- leave.LeaveConfigure -->
