<?xml version="1.0" encoding="UTF-8"?>
<!-- Generated by org.testng.reporters.JUnitReportReporter -->
<testsuite skipped="0" hostname="DESKTOP-9654JSG" name="dataprov.logindetails" tests="4" failures="0" timestamp="2020-04-08T09:59:45 IST" time="41.068" errors="0">
  <testcase name="main" time="10.834" classname="dataprov.logindetails"/>
  <testcase name="main" time="9.730" classname="dataprov.logindetails"/>
  <testcase name="main" time="11.304" classname="dataprov.logindetails"/>
  <testcase name="main" time="9.200" classname="dataprov.logindetails"/>
</testsuite> <!-- dataprov.logindetails -->
