<?xml version="1.0" encoding="UTF-8"?>
<!-- Generated by org.testng.reporters.JUnitReportReporter -->
<testsuite skipped="0" hostname="DESKTOP-9654JSG" name="dataprov.LoginByexcel" tests="4" failures="0" timestamp="2020-04-08T10:12:10 IST" time="37.745" errors="0">
  <testcase name="main" time="9.072" classname="dataprov.LoginByexcel"/>
  <testcase name="main" time="8.374" classname="dataprov.LoginByexcel"/>
  <testcase name="main" time="10.718" classname="dataprov.LoginByexcel"/>
  <testcase name="main" time="9.581" classname="dataprov.LoginByexcel"/>
</testsuite> <!-- dataprov.LoginByexcel -->
