<?xml version="1.0" encoding="UTF-8"?>
<!-- Generated by org.testng.reporters.JUnitReportReporter -->
<testsuite skipped="0" hostname="DESKTOP-9654JSG" name="dataprov.TimeReduction" tests="4" failures="0" timestamp="2020-04-08T09:54:28 IST" time="7.545" errors="0">
  <testcase name="main" time="1.094" classname="dataprov.TimeReduction"/>
  <testcase name="main" time="4.594" classname="dataprov.TimeReduction"/>
  <testcase name="main" time="1.126" classname="dataprov.TimeReduction"/>
  <testcase name="main" time="0.731" classname="dataprov.TimeReduction"/>
</testsuite> <!-- dataprov.TimeReduction -->
